<?xml version="1.0" encoding="UTF-8"?>
<!-- Generated by org.testng.reporters.JUnitXMLReporter -->
<testsuite ignored="0" hostname="DESKTOP-8TVKRG1" failures="0" tests="5" name="Default test" time="46.749" errors="0" timestamp="2023-02-08T22:47:29 IST">
  <testcase classname="testt.LoginTest" name="verifyBuildtitle" time="0.016"/>
  <testcase classname="testt.LoginTest" name="verifyTitleOfLoginPage" time="0.611"/>
  <testcase classname="testt.LoginTest" name="verifyCurrentUrl" time="0.017"/>
  <testcase classname="testt.LoginTest" name="verifyValidUsername" time="0.305"/>
  <testcase classname="testt.LoginTest" name="verifyDashboard" time="2.602"/>
</testsuite> <!-- Default test -->
